This file contains any messages produced by compilers while
running configure, to aid debugging if configure makes a mistake.

It was created by tstat configure 3.3.0, which was
generated by GNU Autoconf 2.71.  Invocation command line was

  $ ./configure --enable-ldns --enable-openssl

## --------- ##
## Platform. ##
## --------- ##

hostname = debian
uname -m = x86_64
uname -r = 6.1.0-22-amd64
uname -s = Linux
uname -v = #1 SMP PREEMPT_DYNAMIC Debian 6.1.94-1 (2024-06-21)

/usr/bin/uname -p = unknown
/bin/uname -X     = unknown

/bin/arch              = x86_64
/usr/bin/arch -k       = unknown
/usr/convex/getsysinfo = unknown
/usr/bin/hostinfo      = unknown
/bin/machine           = unknown
/usr/bin/oslevel       = unknown
/bin/universe          = unknown

PATH: /home/giorgiodaniele/Desktop/tesi/.venv/bin/
PATH: /usr/local/bin/
PATH: /usr/bin/
PATH: /bin/
PATH: /usr/local/games/
PATH: /usr/games/


## ----------- ##
## Core tests. ##
## ----------- ##

configure:2977: looking for aux files: ltmain.sh compile config.guess config.sub missing install-sh
configure:2990:  trying ./config/
configure:3019:   ./config/ltmain.sh found
configure:3019:   ./config/compile found
configure:3019:   ./config/config.guess found
configure:3019:   ./config/config.sub found
configure:3019:   ./config/missing found
configure:3001:   ./config/install-sh found
configure:3150: checking for a BSD-compatible install
configure:3223: result: /usr/bin/install -c
configure:3234: checking whether build environment is sane
configure:3289: result: yes
configure:3448: checking for a race-free mkdir -p
configure:3492: result: /usr/bin/mkdir -p
configure:3499: checking for gawk
configure:3520: found /usr/bin/gawk
configure:3531: result: gawk
configure:3542: checking whether make sets $(MAKE)
configure:3565: result: yes
configure:3595: checking whether make supports nested variables
configure:3613: result: yes
configure:3782: checking build system type
configure:3797: result: x86_64-pc-linux-gnu
configure:3817: checking host system type
configure:3831: result: x86_64-pc-linux-gnu
configure:3949: checking for gcc
configure:3970: found /usr/bin/gcc
configure:3981: result: gcc
configure:4334: checking for C compiler version
configure:4343: gcc --version >&5
gcc (Debian 12.2.0-14) 12.2.0
Copyright (C) 2022 Free Software Foundation, Inc.
This is free software; see the source for copying conditions.  There is NO
warranty; not even for MERCHANTABILITY or FITNESS FOR A PARTICULAR PURPOSE.

configure:4354: $? = 0
configure:4343: gcc -v >&5
Using built-in specs.
COLLECT_GCC=gcc
COLLECT_LTO_WRAPPER=/usr/lib/gcc/x86_64-linux-gnu/12/lto-wrapper
OFFLOAD_TARGET_NAMES=nvptx-none:amdgcn-amdhsa
OFFLOAD_TARGET_DEFAULT=1
Target: x86_64-linux-gnu
Configured with: ../src/configure -v --with-pkgversion='Debian 12.2.0-14' --with-bugurl=file:///usr/share/doc/gcc-12/README.Bugs --enable-languages=c,ada,c++,go,d,fortran,objc,obj-c++,m2 --prefix=/usr --with-gcc-major-version-only --program-suffix=-12 --program-prefix=x86_64-linux-gnu- --enable-shared --enable-linker-build-id --libexecdir=/usr/lib --without-included-gettext --enable-threads=posix --libdir=/usr/lib --enable-nls --enable-clocale=gnu --enable-libstdcxx-debug --enable-libstdcxx-time=yes --with-default-libstdcxx-abi=new --enable-gnu-unique-object --disable-vtable-verify --enable-plugin --enable-default-pie --with-system-zlib --enable-libphobos-checking=release --with-target-system-zlib=auto --enable-objc-gc=auto --enable-multiarch --disable-werror --enable-cet --with-arch-32=i686 --with-abi=m64 --with-multilib-list=m32,m64,mx32 --enable-multilib --with-tune=generic --enable-offload-targets=nvptx-none=/build/gcc-12-bTRWOB/gcc-12-12.2.0/debian/tmp-nvptx/usr,amdgcn-amdhsa=/build/gcc-12-bTRWOB/gcc-12-12.2.0/debian/tmp-gcn/usr --enable-offload-defaulted --without-cuda-driver --enable-checking=release --build=x86_64-linux-gnu --host=x86_64-linux-gnu --target=x86_64-linux-gnu
Thread model: posix
Supported LTO compression algorithms: zlib zstd
gcc version 12.2.0 (Debian 12.2.0-14) 
... rest of stderr output deleted ...
configure:4354: $? = 0
configure:4343: gcc -V >&5
gcc: error: unrecognized command-line option '-V'
gcc: fatal error: no input files
compilation terminated.
configure:4354: $? = 1
configure:4343: gcc -qversion >&5
gcc: error: unrecognized command-line option '-qversion'; did you mean '--version'?
gcc: fatal error: no input files
compilation terminated.
configure:4354: $? = 1
configure:4343: gcc -version >&5
gcc: error: unrecognized command-line option '-version'
gcc: fatal error: no input files
compilation terminated.
configure:4354: $? = 1
configure:4374: checking whether the C compiler works
configure:4396: gcc    conftest.c  >&5
configure:4400: $? = 0
configure:4450: result: yes
configure:4453: checking for C compiler default output file name
configure:4455: result: a.out
configure:4461: checking for suffix of executables
configure:4468: gcc -o conftest    conftest.c  >&5
configure:4472: $? = 0
configure:4495: result: 
configure:4517: checking whether we are cross compiling
configure:4525: gcc -o conftest    conftest.c  >&5
configure:4529: $? = 0
configure:4536: ./conftest
configure:4540: $? = 0
configure:4555: result: no
configure:4560: checking for suffix of object files
configure:4583: gcc -c   conftest.c >&5
configure:4587: $? = 0
configure:4609: result: o
configure:4613: checking whether the compiler supports GNU C
configure:4633: gcc -c   conftest.c >&5
configure:4633: $? = 0
configure:4643: result: yes
configure:4654: checking whether gcc accepts -g
configure:4675: gcc -c -g  conftest.c >&5
configure:4675: $? = 0
configure:4719: result: yes
configure:4739: checking for gcc option to enable C11 features
configure:4754: gcc  -c -g -O2  conftest.c >&5
configure:4754: $? = 0
configure:4772: result: none needed
configure:4888: checking whether gcc understands -c and -o together
configure:4911: gcc -c conftest.c -o conftest2.o
configure:4914: $? = 0
configure:4911: gcc -c conftest.c -o conftest2.o
configure:4914: $? = 0
configure:4926: result: yes
configure:4946: checking whether make supports the include directive
configure:4961: make -f confmf.GNU && cat confinc.out
this is the am__doit target
configure:4964: $? = 0
configure:4983: result: yes (GNU style)
configure:5009: checking dependency style of gcc
configure:5121: result: gcc3
configure:5205: checking for g++
configure:5226: found /usr/bin/g++
configure:5237: result: g++
configure:5264: checking for C++ compiler version
configure:5273: g++ --version >&5
g++ (Debian 12.2.0-14) 12.2.0
Copyright (C) 2022 Free Software Foundation, Inc.
This is free software; see the source for copying conditions.  There is NO
warranty; not even for MERCHANTABILITY or FITNESS FOR A PARTICULAR PURPOSE.

configure:5284: $? = 0
configure:5273: g++ -v >&5
Using built-in specs.
COLLECT_GCC=g++
COLLECT_LTO_WRAPPER=/usr/lib/gcc/x86_64-linux-gnu/12/lto-wrapper
OFFLOAD_TARGET_NAMES=nvptx-none:amdgcn-amdhsa
OFFLOAD_TARGET_DEFAULT=1
Target: x86_64-linux-gnu
Configured with: ../src/configure -v --with-pkgversion='Debian 12.2.0-14' --with-bugurl=file:///usr/share/doc/gcc-12/README.Bugs --enable-languages=c,ada,c++,go,d,fortran,objc,obj-c++,m2 --prefix=/usr --with-gcc-major-version-only --program-suffix=-12 --program-prefix=x86_64-linux-gnu- --enable-shared --enable-linker-build-id --libexecdir=/usr/lib --without-included-gettext --enable-threads=posix --libdir=/usr/lib --enable-nls --enable-clocale=gnu --enable-libstdcxx-debug --enable-libstdcxx-time=yes --with-default-libstdcxx-abi=new --enable-gnu-unique-object --disable-vtable-verify --enable-plugin --enable-default-pie --with-system-zlib --enable-libphobos-checking=release --with-target-system-zlib=auto --enable-objc-gc=auto --enable-multiarch --disable-werror --enable-cet --with-arch-32=i686 --with-abi=m64 --with-multilib-list=m32,m64,mx32 --enable-multilib --with-tune=generic --enable-offload-targets=nvptx-none=/build/gcc-12-bTRWOB/gcc-12-12.2.0/debian/tmp-nvptx/usr,amdgcn-amdhsa=/build/gcc-12-bTRWOB/gcc-12-12.2.0/debian/tmp-gcn/usr --enable-offload-defaulted --without-cuda-driver --enable-checking=release --build=x86_64-linux-gnu --host=x86_64-linux-gnu --target=x86_64-linux-gnu
Thread model: posix
Supported LTO compression algorithms: zlib zstd
gcc version 12.2.0 (Debian 12.2.0-14) 
... rest of stderr output deleted ...
configure:5284: $? = 0
configure:5273: g++ -V >&5
g++: error: unrecognized command-line option '-V'
g++: fatal error: no input files
compilation terminated.
configure:5284: $? = 1
configure:5273: g++ -qversion >&5
g++: error: unrecognized command-line option '-qversion'; did you mean '--version'?
g++: fatal error: no input files
compilation terminated.
configure:5284: $? = 1
configure:5288: checking whether the compiler supports GNU C++
configure:5308: g++ -c   conftest.cpp >&5
configure:5308: $? = 0
configure:5318: result: yes
configure:5329: checking whether g++ accepts -g
configure:5350: g++ -c -g  conftest.cpp >&5
configure:5350: $? = 0
configure:5394: result: yes
configure:5414: checking for g++ option to enable C++11 features
configure:5429: g++  -c -g -O2  conftest.cpp >&5
conftest.cpp: In function 'int main(int, char**)':
conftest.cpp:182:25: warning: empty parentheses were disambiguated as a function declaration [-Wvexing-parse]
  182 |   cxx11test::delegate d2();
      |                         ^~
conftest.cpp:182:25: note: remove parentheses to default-initialize a variable
  182 |   cxx11test::delegate d2();
      |                         ^~
      |                         --
conftest.cpp:182:25: note: or replace parentheses with braces to value-initialize a variable
configure:5429: $? = 0
configure:5447: result: none needed
configure:5513: checking dependency style of g++
configure:5625: result: gcc3
configure:5687: checking how to print strings
configure:5714: result: printf
configure:5735: checking for a sed that does not truncate output
configure:5805: result: /usr/bin/sed
configure:5823: checking for grep that handles long lines and -e
configure:5887: result: /usr/bin/grep
configure:5892: checking for egrep
configure:5960: result: /usr/bin/grep -E
configure:5965: checking for fgrep
configure:6033: result: /usr/bin/grep -F
configure:6069: checking for ld used by gcc
configure:6137: result: /usr/bin/ld
configure:6144: checking if the linker (/usr/bin/ld) is GNU ld
configure:6160: result: yes
configure:6172: checking for BSD- or MS-compatible name lister (nm)
configure:6227: result: /usr/bin/nm -B
configure:6367: checking the name lister (/usr/bin/nm -B) interface
configure:6375: gcc -c -g -O2  conftest.c >&5
configure:6378: /usr/bin/nm -B "conftest.o"
configure:6381: output
0000000000000000 B some_variable
configure:6388: result: BSD nm
configure:6391: checking whether ln -s works
configure:6395: result: yes
configure:6403: checking the maximum length of command line arguments
configure:6535: result: 1572864
configure:6583: checking how to convert x86_64-pc-linux-gnu file names to x86_64-pc-linux-gnu format
configure:6624: result: func_convert_file_noop
configure:6631: checking how to convert x86_64-pc-linux-gnu file names to toolchain format
configure:6652: result: func_convert_file_noop
configure:6659: checking for /usr/bin/ld option to reload object files
configure:6667: result: -r
configure:6746: checking for file
configure:6767: found /usr/bin/file
configure:6778: result: file
configure:6854: checking for objdump
configure:6875: found /usr/bin/objdump
configure:6886: result: objdump
configure:6918: checking how to recognize dependent libraries
configure:7119: result: pass_all
configure:7209: checking for dlltool
configure:7244: result: no
configure:7274: checking how to associate runtime and link libraries
configure:7302: result: printf %s\n
configure:7368: checking for ar
configure:7389: found /usr/bin/ar
configure:7400: result: ar
configure:7453: checking for archiver @FILE support
configure:7471: gcc -c -g -O2  conftest.c >&5
configure:7471: $? = 0
configure:7475: ar cr libconftest.a @conftest.lst >&5
configure:7478: $? = 0
configure:7483: ar cr libconftest.a @conftest.lst >&5
ar: conftest.o: No such file or directory
configure:7486: $? = 1
configure:7498: result: @
configure:7561: checking for strip
configure:7582: found /usr/bin/strip
configure:7593: result: strip
configure:7670: checking for ranlib
configure:7691: found /usr/bin/ranlib
configure:7702: result: ranlib
configure:7804: checking command to parse /usr/bin/nm -B output from gcc object
configure:7958: gcc -c -g -O2  conftest.c >&5
configure:7961: $? = 0
configure:7965: /usr/bin/nm -B conftest.o | /usr/bin/sed -n -e 's/^.*[	 ]\([ABCDGIRSTW][ABCDGIRSTW]*\)[	 ][	 ]*\([_A-Za-z][_A-Za-z0-9]*\)$/\1 \2 \2/p' | /usr/bin/sed '/ __gnu_lto/d' > conftest.nm
configure:8031: gcc -o conftest -g -O2   conftest.c conftstm.o >&5
configure:8034: $? = 0
configure:8072: result: ok
configure:8119: checking for sysroot
configure:8150: result: no
configure:8157: checking for a working dd
configure:8201: result: /usr/bin/dd
configure:8205: checking how to truncate binary pipes
configure:8221: result: /usr/bin/dd bs=4096 count=1
configure:8358: gcc -c -g -O2  conftest.c >&5
configure:8361: $? = 0
configure:8558: checking for mt
configure:8579: found /usr/bin/mt
configure:8590: result: mt
configure:8613: checking if mt is a manifest tool
configure:8620: mt '-?'
configure:8628: result: no
configure:9353: checking for stdio.h
configure:9353: gcc -c -g -O2  conftest.c >&5
configure:9353: $? = 0
configure:9353: result: yes
configure:9353: checking for stdlib.h
configure:9353: gcc -c -g -O2  conftest.c >&5
configure:9353: $? = 0
configure:9353: result: yes
configure:9353: checking for string.h
configure:9353: gcc -c -g -O2  conftest.c >&5
configure:9353: $? = 0
configure:9353: result: yes
configure:9353: checking for inttypes.h
configure:9353: gcc -c -g -O2  conftest.c >&5
configure:9353: $? = 0
configure:9353: result: yes
configure:9353: checking for stdint.h
configure:9353: gcc -c -g -O2  conftest.c >&5
configure:9353: $? = 0
configure:9353: result: yes
configure:9353: checking for strings.h
configure:9353: gcc -c -g -O2  conftest.c >&5
configure:9353: $? = 0
configure:9353: result: yes
configure:9353: checking for sys/stat.h
configure:9353: gcc -c -g -O2  conftest.c >&5
configure:9353: $? = 0
configure:9353: result: yes
configure:9353: checking for sys/types.h
configure:9353: gcc -c -g -O2  conftest.c >&5
configure:9353: $? = 0
configure:9353: result: yes
configure:9353: checking for unistd.h
configure:9353: gcc -c -g -O2  conftest.c >&5
configure:9353: $? = 0
configure:9353: result: yes
configure:9378: checking for dlfcn.h
configure:9378: gcc -c -g -O2  conftest.c >&5
configure:9378: $? = 0
configure:9378: result: yes
configure:9648: checking for objdir
configure:9664: result: .libs
configure:9924: checking if gcc supports -fno-rtti -fno-exceptions
configure:9943: gcc -c -g -O2  -fno-rtti -fno-exceptions conftest.c >&5
cc1: warning: command-line option '-fno-rtti' is valid for C++/D/ObjC++ but not for C
configure:9947: $? = 0
configure:9960: result: no
configure:10324: checking for gcc option to produce PIC
configure:10332: result: -fPIC -DPIC
configure:10340: checking if gcc PIC flag -fPIC -DPIC works
configure:10359: gcc -c -g -O2  -fPIC -DPIC -DPIC conftest.c >&5
configure:10363: $? = 0
configure:10376: result: yes
configure:10405: checking if gcc static flag -static works
configure:10434: result: yes
configure:10449: checking if gcc supports -c -o file.o
configure:10471: gcc -c -g -O2  -o out/conftest2.o conftest.c >&5
configure:10475: $? = 0
configure:10497: result: yes
configure:10505: checking if gcc supports -c -o file.o
configure:10553: result: yes
configure:10586: checking whether the gcc linker (/usr/bin/ld -m elf_x86_64) supports shared libraries
configure:11860: result: yes
configure:11897: checking whether -lc should be explicitly linked in
configure:11906: gcc -c -g -O2  conftest.c >&5
configure:11909: $? = 0
configure:11924: gcc -shared  -fPIC -DPIC conftest.o  -v -Wl,-soname -Wl,conftest -o conftest 2\>\&1 \| /usr/bin/grep  -lc  \>/dev/null 2\>\&1
configure:11927: $? = 0
configure:11941: result: no
configure:12101: checking dynamic linker characteristics
configure:12683: gcc -o conftest -g -O2   -Wl,-rpath -Wl,/foo conftest.c  >&5
configure:12683: $? = 0
configure:12934: result: GNU/Linux ld.so
configure:13056: checking how to hardcode library paths into programs
configure:13081: result: immediate
configure:13633: checking whether stripping libraries is possible
configure:13642: result: yes
configure:13684: checking if libtool supports shared libraries
configure:13686: result: yes
configure:13689: checking whether to build shared libraries
configure:13714: result: yes
configure:13717: checking whether to build static libraries
configure:13721: result: yes
configure:13744: checking how to run the C++ preprocessor
configure:13766: g++ -E  conftest.cpp
configure:13766: $? = 0
configure:13781: g++ -E  conftest.cpp
conftest.cpp:28:10: fatal error: ac_nonexistent.h: No such file or directory
   28 | #include <ac_nonexistent.h>
      |          ^~~~~~~~~~~~~~~~~~
compilation terminated.
configure:13781: $? = 1
configure: failed program was:
| /* confdefs.h */
| #define PACKAGE_NAME "tstat"
| #define PACKAGE_TARNAME "tstat"
| #define PACKAGE_VERSION "3.3.0"
| #define PACKAGE_STRING "tstat 3.3.0"
| #define PACKAGE_BUGREPORT "mellia@polito.it, munafo@polito.it"
| #define PACKAGE_URL ""
| #define PACKAGE "tstat"
| #define VERSION "3.3.0"
| #define VERSION_MAJOR 3
| #define VERSION_MINOR 3
| #define VERSION_BUGFIX 0
| #define VERSION_DATE "Mon Nov 15 14:53:42 CET 2021"
| #define VERSION_FLAVOR "Voynich"
| #define HAVE_STDIO_H 1
| #define HAVE_STDLIB_H 1
| #define HAVE_STRING_H 1
| #define HAVE_INTTYPES_H 1
| #define HAVE_STDINT_H 1
| #define HAVE_STRINGS_H 1
| #define HAVE_SYS_STAT_H 1
| #define HAVE_SYS_TYPES_H 1
| #define HAVE_UNISTD_H 1
| #define STDC_HEADERS 1
| #define HAVE_DLFCN_H 1
| #define LT_OBJDIR ".libs/"
| /* end confdefs.h.  */
| #include <ac_nonexistent.h>
configure:13808: result: g++ -E
configure:13822: g++ -E  conftest.cpp
configure:13822: $? = 0
configure:13837: g++ -E  conftest.cpp
conftest.cpp:28:10: fatal error: ac_nonexistent.h: No such file or directory
   28 | #include <ac_nonexistent.h>
      |          ^~~~~~~~~~~~~~~~~~
compilation terminated.
configure:13837: $? = 1
configure: failed program was:
| /* confdefs.h */
| #define PACKAGE_NAME "tstat"
| #define PACKAGE_TARNAME "tstat"
| #define PACKAGE_VERSION "3.3.0"
| #define PACKAGE_STRING "tstat 3.3.0"
| #define PACKAGE_BUGREPORT "mellia@polito.it, munafo@polito.it"
| #define PACKAGE_URL ""
| #define PACKAGE "tstat"
| #define VERSION "3.3.0"
| #define VERSION_MAJOR 3
| #define VERSION_MINOR 3
| #define VERSION_BUGFIX 0
| #define VERSION_DATE "Mon Nov 15 14:53:42 CET 2021"
| #define VERSION_FLAVOR "Voynich"
| #define HAVE_STDIO_H 1
| #define HAVE_STDLIB_H 1
| #define HAVE_STRING_H 1
| #define HAVE_INTTYPES_H 1
| #define HAVE_STDINT_H 1
| #define HAVE_STRINGS_H 1
| #define HAVE_SYS_STAT_H 1
| #define HAVE_SYS_TYPES_H 1
| #define HAVE_UNISTD_H 1
| #define STDC_HEADERS 1
| #define HAVE_DLFCN_H 1
| #define LT_OBJDIR ".libs/"
| /* end confdefs.h.  */
| #include <ac_nonexistent.h>
configure:14002: checking for ld used by g++
configure:14070: result: /usr/bin/ld -m elf_x86_64
configure:14077: checking if the linker (/usr/bin/ld -m elf_x86_64) is GNU ld
configure:14093: result: yes
configure:14148: checking whether the g++ linker (/usr/bin/ld -m elf_x86_64) supports shared libraries
configure:15226: result: yes
configure:15262: g++ -c -g -O2  conftest.cpp >&5
configure:15265: $? = 0
configure:15746: checking for g++ option to produce PIC
configure:15754: result: -fPIC -DPIC
configure:15762: checking if g++ PIC flag -fPIC -DPIC works
configure:15781: g++ -c -g -O2  -fPIC -DPIC -DPIC conftest.cpp >&5
configure:15785: $? = 0
configure:15798: result: yes
configure:15821: checking if g++ static flag -static works
configure:15850: result: yes
configure:15862: checking if g++ supports -c -o file.o
configure:15884: g++ -c -g -O2  -o out/conftest2.o conftest.cpp >&5
configure:15888: $? = 0
configure:15910: result: yes
configure:15915: checking if g++ supports -c -o file.o
configure:15963: result: yes
configure:15993: checking whether the g++ linker (/usr/bin/ld -m elf_x86_64) supports shared libraries
configure:16036: result: yes
configure:16178: checking dynamic linker characteristics
configure:16938: result: GNU/Linux ld.so
configure:17003: checking how to hardcode library paths into programs
configure:17028: result: immediate
configure:17089: checking whether make sets $(MAKE)
configure:17112: result: yes
configure:17128: checking size of unsigned long long int
configure:17134: gcc -o conftest -g -O2   conftest.c  >&5
configure:17134: $? = 0
configure:17134: ./conftest
configure:17134: $? = 0
configure:17149: result: 8
configure:17161: checking size of unsigned long int
configure:17167: gcc -o conftest -g -O2   conftest.c  >&5
configure:17167: $? = 0
configure:17167: ./conftest
configure:17167: $? = 0
configure:17182: result: 8
configure:17194: checking size of unsigned int
configure:17200: gcc -o conftest -g -O2   conftest.c  >&5
configure:17200: $? = 0
configure:17200: ./conftest
configure:17200: $? = 0
configure:17215: result: 4
configure:17227: checking size of unsigned short
configure:17233: gcc -o conftest -g -O2   conftest.c  >&5
configure:17233: $? = 0
configure:17233: ./conftest
configure:17233: $? = 0
configure:17248: result: 2
configure:17265: checking for fpurge
configure:17265: gcc -o conftest -g -O2   conftest.c  >&5
/usr/bin/ld: /tmp/ccV55cVd.o: in function `main':
/home/giorgiodaniele/Desktop/tesi/tstat/conftest.c:59: undefined reference to `fpurge'
collect2: error: ld returned 1 exit status
configure:17265: $? = 1
configure: failed program was:
| /* confdefs.h */
| #define PACKAGE_NAME "tstat"
| #define PACKAGE_TARNAME "tstat"
| #define PACKAGE_VERSION "3.3.0"
| #define PACKAGE_STRING "tstat 3.3.0"
| #define PACKAGE_BUGREPORT "mellia@polito.it, munafo@polito.it"
| #define PACKAGE_URL ""
| #define PACKAGE "tstat"
| #define VERSION "3.3.0"
| #define VERSION_MAJOR 3
| #define VERSION_MINOR 3
| #define VERSION_BUGFIX 0
| #define VERSION_DATE "Mon Nov 15 14:53:42 CET 2021"
| #define VERSION_FLAVOR "Voynich"
| #define HAVE_STDIO_H 1
| #define HAVE_STDLIB_H 1
| #define HAVE_STRING_H 1
| #define HAVE_INTTYPES_H 1
| #define HAVE_STDINT_H 1
| #define HAVE_STRINGS_H 1
| #define HAVE_SYS_STAT_H 1
| #define HAVE_SYS_TYPES_H 1
| #define HAVE_UNISTD_H 1
| #define STDC_HEADERS 1
| #define HAVE_DLFCN_H 1
| #define LT_OBJDIR ".libs/"
| #define SIZEOF_UNSIGNED_LONG_LONG_INT 8
| #define SIZEOF_UNSIGNED_LONG_INT 8
| #define SIZEOF_UNSIGNED_INT 4
| #define SIZEOF_UNSIGNED_SHORT 2
| /* end confdefs.h.  */
| /* Define fpurge to an innocuous variant, in case <limits.h> declares fpurge.
|    For example, HP-UX 11i <limits.h> declares gettimeofday.  */
| #define fpurge innocuous_fpurge
| 
| /* System header to define __stub macros and hopefully few prototypes,
|    which can conflict with char fpurge (); below.  */
| 
| #include <limits.h>
| #undef fpurge
| 
| /* Override any GCC internal prototype to avoid an error.
|    Use char because int might match the return type of a GCC
|    builtin and then its argument prototype would still apply.  */
| #ifdef __cplusplus
| extern "C"
| #endif
| char fpurge ();
| /* The GNU C library defines this for functions which it implements
|     to always fail with ENOSYS.  Some functions are actually named
|     something starting with __ and the normal name is an alias.  */
| #if defined __stub_fpurge || defined __stub___fpurge
| choke me
| #endif
| 
| int
| main (void)
| {
| return fpurge ();
|   ;
|   return 0;
| }
configure:17265: result: no
configure:17274: checking for mkstemp
configure:17274: gcc -o conftest -g -O2   conftest.c  >&5
configure:17274: $? = 0
configure:17274: result: yes
configure:17283: checking for inet_pton
configure:17283: gcc -o conftest -g -O2   conftest.c  >&5
configure:17283: $? = 0
configure:17283: result: yes
configure:17300: checking for log in -lm
configure:17323: gcc -o conftest -g -O2   conftest.c -lm   >&5
conftest.c:38:6: warning: conflicting types for built-in function 'log'; expected 'double(double)' [-Wbuiltin-declaration-mismatch]
   38 | char log ();
      |      ^~~
conftest.c:1:1: note: 'log' is declared in header '<math.h>'
    1 | /* confdefs.h */
configure:17323: $? = 0
configure:17333: result: yes
configure:17364: checking for pthread_cond_init in -lpthread
configure:17387: gcc -o conftest -g -O2   conftest.c -lpthread  -lm  >&5
configure:17387: $? = 0
configure:17397: result: yes
configure:17503: checking for pcap.h
configure:17503: gcc -c -g -O2  conftest.c >&5
configure:17503: $? = 0
configure:17503: result: yes
configure:17512: checking for net/bpf.h
configure:17512: gcc -c -g -O2  conftest.c >&5
conftest.c:65:10: fatal error: net/bpf.h: No such file or directory
   65 | #include <net/bpf.h>
      |          ^~~~~~~~~~~
compilation terminated.
configure:17512: $? = 1
configure: failed program was:
| /* confdefs.h */
| #define PACKAGE_NAME "tstat"
| #define PACKAGE_TARNAME "tstat"
| #define PACKAGE_VERSION "3.3.0"
| #define PACKAGE_STRING "tstat 3.3.0"
| #define PACKAGE_BUGREPORT "mellia@polito.it, munafo@polito.it"
| #define PACKAGE_URL ""
| #define PACKAGE "tstat"
| #define VERSION "3.3.0"
| #define VERSION_MAJOR 3
| #define VERSION_MINOR 3
| #define VERSION_BUGFIX 0
| #define VERSION_DATE "Mon Nov 15 14:53:42 CET 2021"
| #define VERSION_FLAVOR "Voynich"
| #define HAVE_STDIO_H 1
| #define HAVE_STDLIB_H 1
| #define HAVE_STRING_H 1
| #define HAVE_INTTYPES_H 1
| #define HAVE_STDINT_H 1
| #define HAVE_STRINGS_H 1
| #define HAVE_SYS_STAT_H 1
| #define HAVE_SYS_TYPES_H 1
| #define HAVE_UNISTD_H 1
| #define STDC_HEADERS 1
| #define HAVE_DLFCN_H 1
| #define LT_OBJDIR ".libs/"
| #define SIZEOF_UNSIGNED_LONG_LONG_INT 8
| #define SIZEOF_UNSIGNED_LONG_INT 8
| #define SIZEOF_UNSIGNED_INT 4
| #define SIZEOF_UNSIGNED_SHORT 2
| #define HAVE_MKSTEMP 1
| #define HAVE_INET_PTON 1
| #define HAVE_LIBM 1
| #define HAVE_LIBPTHREAD 1
| #define HAVE_PCAP_H 1
| /* end confdefs.h.  */
| #include <stddef.h>
| #ifdef HAVE_STDIO_H
| # include <stdio.h>
| #endif
| #ifdef HAVE_STDLIB_H
| # include <stdlib.h>
| #endif
| #ifdef HAVE_STRING_H
| # include <string.h>
| #endif
| #ifdef HAVE_INTTYPES_H
| # include <inttypes.h>
| #endif
| #ifdef HAVE_STDINT_H
| # include <stdint.h>
| #endif
| #ifdef HAVE_STRINGS_H
| # include <strings.h>
| #endif
| #ifdef HAVE_SYS_TYPES_H
| # include <sys/types.h>
| #endif
| #ifdef HAVE_SYS_STAT_H
| # include <sys/stat.h>
| #endif
| #ifdef HAVE_UNISTD_H
| # include <unistd.h>
| #endif
| #include <net/bpf.h>
configure:17512: result: no
configure:17519: checking for pcap-bpf.h
configure:17519: gcc -c -g -O2  conftest.c >&5
configure:17519: $? = 0
configure:17519: result: yes
configure:17527: checking for pcap_open_live in -lpcap
configure:17550: gcc -o conftest -g -O2   conftest.c -lpcap  -lpthread -lm  >&5
configure:17550: $? = 0
configure:17560: result: yes
configure:17619: checking for rrd_init in -lrrd
configure:17642: gcc -o conftest -g -O2   conftest.c -lrrd  -lpcap -lpthread -lm  >&5
/usr/bin/ld: cannot find -lrrd: No such file or directory
collect2: error: ld returned 1 exit status
configure:17642: $? = 1
configure: failed program was:
| /* confdefs.h */
| #define PACKAGE_NAME "tstat"
| #define PACKAGE_TARNAME "tstat"
| #define PACKAGE_VERSION "3.3.0"
| #define PACKAGE_STRING "tstat 3.3.0"
| #define PACKAGE_BUGREPORT "mellia@polito.it, munafo@polito.it"
| #define PACKAGE_URL ""
| #define PACKAGE "tstat"
| #define VERSION "3.3.0"
| #define VERSION_MAJOR 3
| #define VERSION_MINOR 3
| #define VERSION_BUGFIX 0
| #define VERSION_DATE "Mon Nov 15 14:53:42 CET 2021"
| #define VERSION_FLAVOR "Voynich"
| #define HAVE_STDIO_H 1
| #define HAVE_STDLIB_H 1
| #define HAVE_STRING_H 1
| #define HAVE_INTTYPES_H 1
| #define HAVE_STDINT_H 1
| #define HAVE_STRINGS_H 1
| #define HAVE_SYS_STAT_H 1
| #define HAVE_SYS_TYPES_H 1
| #define HAVE_UNISTD_H 1
| #define STDC_HEADERS 1
| #define HAVE_DLFCN_H 1
| #define LT_OBJDIR ".libs/"
| #define SIZEOF_UNSIGNED_LONG_LONG_INT 8
| #define SIZEOF_UNSIGNED_LONG_INT 8
| #define SIZEOF_UNSIGNED_INT 4
| #define SIZEOF_UNSIGNED_SHORT 2
| #define HAVE_MKSTEMP 1
| #define HAVE_INET_PTON 1
| #define HAVE_LIBM 1
| #define HAVE_LIBPTHREAD 1
| #define HAVE_PCAP_H 1
| #define HAVE_PCAP_BPF_H 1
| #define HAVE_LIBPCAP 1
| /* end confdefs.h.  */
| 
| /* Override any GCC internal prototype to avoid an error.
|    Use char because int might match the return type of a GCC
|    builtin and then its argument prototype would still apply.  */
| char rrd_init ();
| int
| main (void)
| {
| return rrd_init ();
|   ;
|   return 0;
| }
configure:17652: result: no
configure:17776: checking for ldns_wire2pkt in -lldns
configure:17799: gcc -o conftest -g -O2   conftest.c -lldns  -lpcap -lpthread -lm  >&5
configure:17799: $? = 0
configure:17809: result: yes
configure:17815: checking for ldns/ldns.h
configure:17815: gcc -c -g -O2  conftest.c >&5
configure:17815: $? = 0
configure:17815: result: yes
configure:17871: checking for EVP_DecryptInit_ex in -lcrypto
configure:17894: gcc -o conftest -g -O2   conftest.c -lcrypto  -lpcap -lpthread -lm  -lldns >&5
configure:17894: $? = 0
configure:17904: result: yes
configure:17910: checking for openssl/evp.h
configure:17910: gcc -c -g -O2  conftest.c >&5
configure:17910: $? = 0
configure:17910: result: yes
configure:18051: checking that generated files are newer than configure
configure:18057: result: done
configure:18116: creating ./config.status

## ---------------------- ##
## Running config.status. ##
## ---------------------- ##

This file was extended by tstat config.status 3.3.0, which was
generated by GNU Autoconf 2.71.  Invocation command line was

  CONFIG_FILES    = 
  CONFIG_HEADERS  = 
  CONFIG_LINKS    = 
  CONFIG_COMMANDS = 
  $ ./config.status 

on debian

config.status:1190: creating Makefile
config.status:1190: creating tstat/Makefile
config.status:1190: creating libtstat/Makefile
config.status:1190: creating libtstat/libtstat.pc
config.status:1190: creating libtstat-demo/Makefile
config.status:1190: creating README
config.status:1190: creating NEWS
config.status:1190: creating config.h
config.status:1371: config.h is unchanged
config.status:1419: executing depfiles commands
config.status:1496: cd tstat       && sed -e '/# am--include-marker/d' Makefile         | make -f - am--depfiles
make: Nothing to be done for 'am--depfiles'.
config.status:1501: $? = 0
config.status:1496: cd libtstat       && sed -e '/# am--include-marker/d' Makefile         | make -f - am--depfiles
make: Nothing to be done for 'am--depfiles'.
config.status:1501: $? = 0
config.status:1496: cd libtstat-demo       && sed -e '/# am--include-marker/d' Makefile         | make -f - am--depfiles
make: Nothing to be done for 'am--depfiles'.
config.status:1501: $? = 0
config.status:1419: executing libtool commands

## ---------------- ##
## Cache variables. ##
## ---------------- ##

ac_cv_build=x86_64-pc-linux-gnu
ac_cv_c_compiler_gnu=yes
ac_cv_cxx_compiler_gnu=yes
ac_cv_env_CCC_set=
ac_cv_env_CCC_value=
ac_cv_env_CC_set=
ac_cv_env_CC_value=
ac_cv_env_CFLAGS_set=
ac_cv_env_CFLAGS_value=
ac_cv_env_CPPFLAGS_set=
ac_cv_env_CPPFLAGS_value=
ac_cv_env_CXXCPP_set=
ac_cv_env_CXXCPP_value=
ac_cv_env_CXXFLAGS_set=
ac_cv_env_CXXFLAGS_value=
ac_cv_env_CXX_set=
ac_cv_env_CXX_value=
ac_cv_env_LDFLAGS_set=
ac_cv_env_LDFLAGS_value=
ac_cv_env_LIBS_set=
ac_cv_env_LIBS_value=
ac_cv_env_LT_SYS_LIBRARY_PATH_set=
ac_cv_env_LT_SYS_LIBRARY_PATH_value=
ac_cv_env_build_alias_set=
ac_cv_env_build_alias_value=
ac_cv_env_host_alias_set=
ac_cv_env_host_alias_value=
ac_cv_env_target_alias_set=
ac_cv_env_target_alias_value=
ac_cv_func_fpurge=no
ac_cv_func_inet_pton=yes
ac_cv_func_mkstemp=yes
ac_cv_header_dlfcn_h=yes
ac_cv_header_inttypes_h=yes
ac_cv_header_ldns_ldns_h=yes
ac_cv_header_net_bpf_h=no
ac_cv_header_openssl_evp_h=yes
ac_cv_header_pcap_bpf_h=yes
ac_cv_header_pcap_h=yes
ac_cv_header_stdint_h=yes
ac_cv_header_stdio_h=yes
ac_cv_header_stdlib_h=yes
ac_cv_header_string_h=yes
ac_cv_header_strings_h=yes
ac_cv_header_sys_stat_h=yes
ac_cv_header_sys_types_h=yes
ac_cv_header_unistd_h=yes
ac_cv_host=x86_64-pc-linux-gnu
ac_cv_lib_crypto_EVP_DecryptInit_ex=yes
ac_cv_lib_ldns_ldns_wire2pkt=yes
ac_cv_lib_m_log=yes
ac_cv_lib_pcap_pcap_open_live=yes
ac_cv_lib_pthread_pthread_cond_init=yes
ac_cv_lib_rrd_rrd_init=no
ac_cv_objext=o
ac_cv_path_EGREP='/usr/bin/grep -E'
ac_cv_path_FGREP='/usr/bin/grep -F'
ac_cv_path_GREP=/usr/bin/grep
ac_cv_path_SED=/usr/bin/sed
ac_cv_path_install='/usr/bin/install -c'
ac_cv_path_lt_DD=/usr/bin/dd
ac_cv_path_mkdir=/usr/bin/mkdir
ac_cv_prog_AWK=gawk
ac_cv_prog_CXXCPP='g++ -E'
ac_cv_prog_ac_ct_AR=ar
ac_cv_prog_ac_ct_CC=gcc
ac_cv_prog_ac_ct_CXX=g++
ac_cv_prog_ac_ct_FILECMD=file
ac_cv_prog_ac_ct_MANIFEST_TOOL=mt
ac_cv_prog_ac_ct_OBJDUMP=objdump
ac_cv_prog_ac_ct_RANLIB=ranlib
ac_cv_prog_ac_ct_STRIP=strip
ac_cv_prog_cc_c11=
ac_cv_prog_cc_g=yes
ac_cv_prog_cc_stdc=
ac_cv_prog_cxx_cxx11=
ac_cv_prog_cxx_g=yes
ac_cv_prog_cxx_stdcxx=
ac_cv_prog_make_make_set=yes
ac_cv_sizeof_unsigned_int=4
ac_cv_sizeof_unsigned_long_int=8
ac_cv_sizeof_unsigned_long_long_int=8
ac_cv_sizeof_unsigned_short=2
am_cv_CC_dependencies_compiler_type=gcc3
am_cv_CXX_dependencies_compiler_type=gcc3
am_cv_make_support_nested_variables=yes
am_cv_prog_cc_c_o=yes
lt_cv_ar_at_file=@
lt_cv_archive_cmds_need_lc=no
lt_cv_deplibs_check_method=pass_all
lt_cv_file_magic_cmd='$MAGIC_CMD'
lt_cv_file_magic_test_file=
lt_cv_ld_reload_flag=-r
lt_cv_nm_interface='BSD nm'
lt_cv_objdir=.libs
lt_cv_path_LD=/usr/bin/ld
lt_cv_path_LDCXX='/usr/bin/ld -m elf_x86_64'
lt_cv_path_NM='/usr/bin/nm -B'
lt_cv_path_mainfest_tool=no
lt_cv_prog_compiler_c_o=yes
lt_cv_prog_compiler_c_o_CXX=yes
lt_cv_prog_compiler_pic='-fPIC -DPIC'
lt_cv_prog_compiler_pic_CXX='-fPIC -DPIC'
lt_cv_prog_compiler_pic_works=yes
lt_cv_prog_compiler_pic_works_CXX=yes
lt_cv_prog_compiler_rtti_exceptions=no
lt_cv_prog_compiler_static_works=yes
lt_cv_prog_compiler_static_works_CXX=yes
lt_cv_prog_gnu_ld=yes
lt_cv_prog_gnu_ldcxx=yes
lt_cv_sharedlib_from_linklib_cmd='printf %s\n'
lt_cv_shlibpath_overrides_runpath=yes
lt_cv_sys_global_symbol_pipe='/usr/bin/sed -n -e '\''s/^.*[	 ]\([ABCDGIRSTW][ABCDGIRSTW]*\)[	 ][	 ]*\([_A-Za-z][_A-Za-z0-9]*\)$/\1 \2 \2/p'\'' | /usr/bin/sed '\''/ __gnu_lto/d'\'''
lt_cv_sys_global_symbol_to_c_name_address='/usr/bin/sed -n -e '\''s/^: \(.*\) .*$/  {"\1", (void *) 0},/p'\'' -e '\''s/^[ABCDGIRSTW][ABCDGIRSTW]* .* \(.*\)$/  {"\1", (void *) \&\1},/p'\'''
lt_cv_sys_global_symbol_to_c_name_address_lib_prefix='/usr/bin/sed -n -e '\''s/^: \(.*\) .*$/  {"\1", (void *) 0},/p'\'' -e '\''s/^[ABCDGIRSTW][ABCDGIRSTW]* .* \(lib.*\)$/  {"\1", (void *) \&\1},/p'\'' -e '\''s/^[ABCDGIRSTW][ABCDGIRSTW]* .* \(.*\)$/  {"lib\1", (void *) \&\1},/p'\'''
lt_cv_sys_global_symbol_to_cdecl='/usr/bin/sed -n -e '\''s/^T .* \(.*\)$/extern int \1();/p'\'' -e '\''s/^[ABCDGIRSTW][ABCDGIRSTW]* .* \(.*\)$/extern char \1;/p'\'''
lt_cv_sys_global_symbol_to_import=
lt_cv_sys_max_cmd_len=1572864
lt_cv_to_host_file_cmd=func_convert_file_noop
lt_cv_to_tool_file_cmd=func_convert_file_noop
lt_cv_truncate_bin='/usr/bin/dd bs=4096 count=1'

## ----------------- ##
## Output variables. ##
## ----------------- ##

ACLOCAL='${SHELL} '\''/home/giorgiodaniele/Desktop/tesi/tstat/config/missing'\'' aclocal-1.16'
AMDEPBACKSLASH='\'
AMDEP_FALSE='#'
AMDEP_TRUE=''
AMTAR='$${TAR-tar}'
AM_BACKSLASH='\'
AM_DEFAULT_V='$(AM_DEFAULT_VERBOSITY)'
AM_DEFAULT_VERBOSITY='1'
AM_V='$(V)'
ANDROID_FALSE=''
ANDROID_TRUE='#'
AR='ar'
AUTOCONF='${SHELL} '\''/home/giorgiodaniele/Desktop/tesi/tstat/config/missing'\'' autoconf'
AUTOHEADER='${SHELL} '\''/home/giorgiodaniele/Desktop/tesi/tstat/config/missing'\'' autoheader'
AUTOMAKE='${SHELL} '\''/home/giorgiodaniele/Desktop/tesi/tstat/config/missing'\'' automake-1.16'
AWK='gawk'
CC='gcc'
CCDEPMODE='depmode=gcc3'
CFLAGS='-g -O2'
CPPFLAGS=''
CSCOPE='cscope'
CTAGS='ctags'
CXX='g++'
CXXCPP='g++ -E'
CXXDEPMODE='depmode=gcc3'
CXXFLAGS='-g -O2'
CYGPATH_W='echo'
DEFS='-DHAVE_CONFIG_H'
DEPDIR='.deps'
DLLTOOL='false'
DSYMUTIL=''
DUMPBIN=''
ECHO_C=''
ECHO_N='-n'
ECHO_T=''
EGREP='/usr/bin/grep -E'
ETAGS='etags'
EXEEXT=''
FGREP='/usr/bin/grep -F'
FILECMD='file'
GREP='/usr/bin/grep'
INSTALL_DATA='${INSTALL} -m 644'
INSTALL_PROGRAM='${INSTALL}'
INSTALL_SCRIPT='${INSTALL}'
INSTALL_STRIP_PROGRAM='$(install_sh) -c -s'
LD='/usr/bin/ld -m elf_x86_64'
LDFLAGS=''
LDNS_FALSE='#'
LDNS_TRUE=''
LIBOBJS=''
LIBS='-lpcap -lpthread -lm  -lldns -lcrypto'
LIBTOOL='$(SHELL) $(top_builddir)/libtool'
LIBTSTAT_FALSE=''
LIBTSTAT_TRUE='#'
LIBTSTAT_VERSION='1.0.0'
LINUX_FALSE='#'
LINUX_TRUE=''
LIPO=''
LN_S='ln -s'
LTLIBOBJS=''
LT_SYS_LIBRARY_PATH=''
MAKEINFO='${SHELL} '\''/home/giorgiodaniele/Desktop/tesi/tstat/config/missing'\'' makeinfo'
MANIFEST_TOOL=':'
MKDIR_P='/usr/bin/mkdir -p'
NM='/usr/bin/nm -B'
NMEDIT=''
OBJDUMP='objdump'
OBJEXT='o'
OPENSSL_FALSE='#'
OPENSSL_TRUE=''
OSX_FALSE=''
OSX_TRUE='#'
OTOOL64=''
OTOOL=''
PACKAGE='tstat'
PACKAGE_BUGREPORT='mellia@polito.it, munafo@polito.it'
PACKAGE_NAME='tstat'
PACKAGE_STRING='tstat 3.3.0'
PACKAGE_TARNAME='tstat'
PACKAGE_URL=''
PACKAGE_VERSION='3.3.0'
PATH_SEPARATOR=':'
PCAP_LDLINK='-lpcap'
RANLIB='ranlib'
RRDTHREAD_FALSE=''
RRDTHREAD_TRUE='#'
SED='/usr/bin/sed'
SET_MAKE=''
SHELL='/bin/bash'
STRIP='strip'
VERSION='3.3.0'
V_CCOPT=''
V_DEFINES=' -DHAVE_LDNS -DHAVE_OPENSSL'
V_INCLS=''
ZLIB_FALSE=''
ZLIB_TRUE='#'
ac_ct_AR='ar'
ac_ct_CC='gcc'
ac_ct_CXX='g++'
ac_ct_DUMPBIN=''
am__EXEEXT_FALSE=''
am__EXEEXT_TRUE='#'
am__fastdepCC_FALSE='#'
am__fastdepCC_TRUE=''
am__fastdepCXX_FALSE='#'
am__fastdepCXX_TRUE=''
am__include='include'
am__isrc=''
am__leading_dot='.'
am__nodep='_no'
am__quote=''
am__tar='$${TAR-tar} chof - "$$tardir"'
am__untar='$${TAR-tar} xf -'
bindir='${exec_prefix}/bin'
build='x86_64-pc-linux-gnu'
build_alias=''
build_cpu='x86_64'
build_os='linux-gnu'
build_vendor='pc'
datadir='${datarootdir}'
datarootdir='${prefix}/share'
docdir='${datarootdir}/doc/${PACKAGE_TARNAME}'
dvidir='${docdir}'
exec_prefix='${prefix}'
host='x86_64-pc-linux-gnu'
host_alias=''
host_cpu='x86_64'
host_os='linux-gnu'
host_vendor='pc'
htmldir='${docdir}'
includedir='${prefix}/include'
infodir='${datarootdir}/info'
install_sh='${SHELL} /home/giorgiodaniele/Desktop/tesi/tstat/config/install-sh'
libdir='${exec_prefix}/lib'
libexecdir='${exec_prefix}/libexec'
localedir='${datarootdir}/locale'
localstatedir='${prefix}/var'
mandir='${datarootdir}/man'
mkdir_p='$(MKDIR_P)'
oldincludedir='/usr/include'
pdfdir='${docdir}'
prefix='/usr/local'
program_transform_name='s,x,x,'
psdir='${docdir}'
runstatedir='${localstatedir}/run'
sbindir='${exec_prefix}/sbin'
sharedstatedir='${prefix}/com'
sysconfdir='${prefix}/etc'
target_alias=''

## ----------- ##
## confdefs.h. ##
## ----------- ##

/* confdefs.h */
#define PACKAGE_NAME "tstat"
#define PACKAGE_TARNAME "tstat"
#define PACKAGE_VERSION "3.3.0"
#define PACKAGE_STRING "tstat 3.3.0"
#define PACKAGE_BUGREPORT "mellia@polito.it, munafo@polito.it"
#define PACKAGE_URL ""
#define PACKAGE "tstat"
#define VERSION "3.3.0"
#define VERSION_MAJOR 3
#define VERSION_MINOR 3
#define VERSION_BUGFIX 0
#define VERSION_DATE "Mon Nov 15 14:53:42 CET 2021"
#define VERSION_FLAVOR "Voynich"
#define HAVE_STDIO_H 1
#define HAVE_STDLIB_H 1
#define HAVE_STRING_H 1
#define HAVE_INTTYPES_H 1
#define HAVE_STDINT_H 1
#define HAVE_STRINGS_H 1
#define HAVE_SYS_STAT_H 1
#define HAVE_SYS_TYPES_H 1
#define HAVE_UNISTD_H 1
#define STDC_HEADERS 1
#define HAVE_DLFCN_H 1
#define LT_OBJDIR ".libs/"
#define SIZEOF_UNSIGNED_LONG_LONG_INT 8
#define SIZEOF_UNSIGNED_LONG_INT 8
#define SIZEOF_UNSIGNED_INT 4
#define SIZEOF_UNSIGNED_SHORT 2
#define HAVE_MKSTEMP 1
#define HAVE_INET_PTON 1
#define HAVE_LIBM 1
#define HAVE_LIBPTHREAD 1
#define HAVE_PCAP_H 1
#define HAVE_PCAP_BPF_H 1
#define HAVE_LIBPCAP 1
#define HAVE_LDNS_LDNS_H 1
#define HAVE_OPENSSL_EVP_H 1

configure: exit 0
